<?xml version="1.0" encoding="UTF-8"?>
<!-- Generated by org.testng.reporters.JUnitReportReporter -->
<testsuite hostname="OPTISSD9" failures="0" tests="4" name="testcases.Loginpage_Testcases" time="19.359" errors="0" timestamp="2021-10-07T19:37:04 IST" skipped="0">
  <testcase classname="testcases.Loginpage_Testcases" name="login" time="4.716"/>
  <system-out/>
  <testcase classname="testcases.Loginpage_Testcases" name="Verify_title" time="4.541"/>
  <system-out/>
  <testcase classname="testcases.Loginpage_Testcases" name="Verify_validation" time="4.526"/>
  <system-out/>
  <testcase classname="testcases.Loginpage_Testcases" name="verify_logo" time="5.576"/>
  <system-out/>
</testsuite> <!-- testcases.Loginpage_Testcases -->
